<?xml version="1.0" encoding="UTF-8"?>
<!-- Generated by org.testng.reporters.JUnitReportReporter -->
<testsuite hostname="hp-pc" failures="0" tests="3" name="com.actitime.generics.ProjectModule" time="0.017" errors="0" timestamp="2021-04-01T18:45:03 IST" skipped="0">
  <testcase classname="com.actitime.generics.ProjectModule" name="createProject" time="0.012"/>
  <system-out>
createProject  </system-out>
  <testcase classname="com.actitime.generics.ProjectModule" name="modifyProject" time="0.003"/>
  <system-out>
modifyProject  </system-out>
  <testcase classname="com.actitime.generics.ProjectModule" name="deleteProject" time="0.002"/>
  <system-out>
deleteProject  </system-out>
</testsuite> <!-- com.actitime.generics.ProjectModule -->
