<?xml version="1.0" encoding="UTF-8"?>
<!-- Generated by org.testng.reporters.JUnitReportReporter -->
<testsuite hostname="hp-pc" failures="0" tests="1" name="com.actitime.generics.Demo" time="0.016" errors="0" timestamp="2021-04-01T18:54:55 IST" skipped="0">
  <testcase classname="com.actitime.generics.Demo" name="testDemo" time="0.016"/>
  <system-out>
Welcome to testing  </system-out>
</testsuite> <!-- com.actitime.generics.Demo -->
