<?xml version="1.0" encoding="UTF-8"?>
<!-- Generated by org.testng.reporters.JUnitReportReporter -->
<testsuite hostname="hp-pc" failures="0" tests="4" name="com.actitime.testscript.ProjectModule" time="0.019" errors="0" timestamp="2021-05-02T23:36:58 IST" skipped="0">
  <testcase classname="com.actitime.testscript.ProjectModule" name="deleteProject" time="0.009"/>
  <system-out>
deleteProject  </system-out>
  <testcase classname="com.actitime.testscript.ProjectModule" name="registerProject" time="0.004"/>
  <system-out>
registerProject  </system-out>
  <testcase classname="com.actitime.testscript.ProjectModule" name="editProject" time="0.002"/>
  <system-out>
editProject  </system-out>
  <testcase classname="com.actitime.testscript.ProjectModule" name="editProject" time="0.004"/>
  <system-out>
editProject  </system-out>
</testsuite> <!-- com.actitime.testscript.ProjectModule -->
