<?xml version="1.0" encoding="UTF-8"?>
<!-- Generated by org.testng.reporters.JUnitReportReporter -->
<testsuite hostname="hp-pc" failures="0" tests="6" name="com.actitime.generics.CustomerModule" time="0.037" errors="0" timestamp="2021-04-01T18:44:47 IST" skipped="0">
  <testcase classname="com.actitime.generics.CustomerModule" name="createCustomer" time="0.014"/>
  <system-out>
createCustomer  </system-out>
  <testcase classname="com.actitime.generics.CustomerModule" name="createCustomer" time="0.004"/>
  <system-out>
createCustomer  </system-out>
  <testcase classname="com.actitime.generics.CustomerModule" name="createCustomer" time="0.005"/>
  <system-out>
createCustomer  </system-out>
  <testcase classname="com.actitime.generics.CustomerModule" name="createCustomer" time="0.005"/>
  <system-out>
createCustomer  </system-out>
  <testcase classname="com.actitime.generics.CustomerModule" name="modifyCustomer" time="0.002"/>
  <system-out>
modifyCustomer  </system-out>
  <testcase classname="com.actitime.generics.CustomerModule" name="deleteCustomer" time="0.007"/>
  <system-out>
deleteCustomr  </system-out>
</testsuite> <!-- com.actitime.generics.CustomerModule -->
