<?xml version="1.0" encoding="UTF-8"?>
<!-- Generated by org.testng.reporters.JUnitReportReporter -->
<testsuite hostname="hp-pc" failures="0" tests="6" name="com.actitime.testscript.CustomerModule" time="0.061" errors="0" timestamp="2021-05-02T23:37:33 IST" skipped="0">
  <testcase classname="com.actitime.testscript.CustomerModule" name="createCustomer" time="0.011"/>
  <system-out>
createCustomer  </system-out>
  <testcase classname="com.actitime.testscript.CustomerModule" name="createCustomer" time="0.007"/>
  <system-out>
createCustomer  </system-out>
  <testcase classname="com.actitime.testscript.CustomerModule" name="createCustomer" time="0.012"/>
  <system-out>
createCustomer  </system-out>
  <testcase classname="com.actitime.testscript.CustomerModule" name="createCustomer" time="0.014"/>
  <system-out>
createCustomer  </system-out>
  <testcase classname="com.actitime.testscript.CustomerModule" name="modifyCustomer" time="0.008"/>
  <system-out>
modifyCustomer  </system-out>
  <testcase classname="com.actitime.testscript.CustomerModule" name="deleteCustomer" time="0.009"/>
  <system-out>
deleteCustomr  </system-out>
</testsuite> <!-- com.actitime.testscript.CustomerModule -->
